<?xml version="1.0" encoding="UTF-8"?>
<!-- Generated by org.testng.reporters.JUnitReportReporter -->
<testsuite skipped="0" hostname="asset1860" name="Curso.AutomationII.RunCuckesTest" tests="2" failures="0" timestamp="21 Dec 2017 20:40:11 GMT" time="11.189" errors="0">
  <testcase name="feature" time="4.729" classname="Curso.AutomationII.RunCuckesTest"/>
  <testcase name="feature" time="6.460" classname="Curso.AutomationII.RunCuckesTest"/>
</testsuite> <!-- Curso.AutomationII.RunCuckesTest -->
