<?xml version="1.0" encoding="UTF-8"?>
<!-- Generated by org.testng.reporters.JUnitReportReporter -->
<testsuite skipped="0" hostname="asset1860" name="Curso.AutomationII.RunCuckesTest" tests="2" failures="0" timestamp="21 Dec 2017 19:41:32 GMT" time="10.275" errors="0">
  <testcase name="feature" time="3.859" classname="Curso.AutomationII.RunCuckesTest"/>
  <testcase name="feature" time="6.416" classname="Curso.AutomationII.RunCuckesTest"/>
</testsuite> <!-- Curso.AutomationII.RunCuckesTest -->
